2012-11-12 20:21:03 Warning: Warning (512): C:\wamp\www\quickapps\QuickApps\Cake\Console\Templates\skel\tmp\cache\i18n\ is not writable in [C:\wamp\www\quickapps\QuickApps\Cake\Cache\Engine\FileEngine.php, line 336]
Trace:
FileEngine::_active() - APP\Cake\Cache\Engine\FileEngine.php, line 336
FileEngine::init() - APP\Cake\Cache\Engine\FileEngine.php, line 91
Cache::_buildEngine() - APP\Cake\Cache\Cache.php, line 164
Cache::config() - APP\Cake\Cache\Cache.php, line 135
include - APP\Plugin\Locale\Config\bootstrap.php, line 8
CakePlugin::bootstrap() - APP\Cake\Core\CakePlugin.php, line 165
CakePlugin::load() - APP\Cake\Core\CakePlugin.php, line 100
include - APP\Config\bootstrap.php, line 49
Configure::bootstrap() - APP\Cake\Core\Configure.php, line 92
require - APP\Cake\bootstrap.php, line 146
ShellDispatcher::_bootstrap() - APP\Cake\Console\ShellDispatcher.php, line 131
ShellDispatcher::_initEnvironment() - APP\Cake\Console\ShellDispatcher.php, line 101
ShellDispatcher::__construct() - APP\Cake\Console\ShellDispatcher.php, line 57
ShellDispatcher::run() - APP\Cake\Console\ShellDispatcher.php, line 68
[main] - APP\Cake\Console\cake.php, line 43

2012-11-17 14:03:57 Warning: Warning (512): C:\wamp\www\quickapps\QuickApps\Cake\Console\Templates\skel\tmp\cache\i18n\ is not writable in [C:\wamp\www\quickapps\QuickApps\Cake\Cache\Engine\FileEngine.php, line 336]
Trace:
FileEngine::_active() - APP\Cake\Cache\Engine\FileEngine.php, line 336
FileEngine::init() - APP\Cake\Cache\Engine\FileEngine.php, line 91
Cache::_buildEngine() - APP\Cake\Cache\Cache.php, line 164
Cache::config() - APP\Cake\Cache\Cache.php, line 135
include - APP\Plugin\Locale\Config\bootstrap.php, line 8
CakePlugin::bootstrap() - APP\Cake\Core\CakePlugin.php, line 165
CakePlugin::load() - APP\Cake\Core\CakePlugin.php, line 100
include - APP\Config\bootstrap.php, line 49
Configure::bootstrap() - APP\Cake\Core\Configure.php, line 92
require - APP\Cake\bootstrap.php, line 146
ShellDispatcher::_bootstrap() - APP\Cake\Console\ShellDispatcher.php, line 131
ShellDispatcher::_initEnvironment() - APP\Cake\Console\ShellDispatcher.php, line 101
ShellDispatcher::__construct() - APP\Cake\Console\ShellDispatcher.php, line 57
ShellDispatcher::run() - APP\Cake\Console\ShellDispatcher.php, line 68
[main] - APP\Cake\Console\cake.php, line 43

2013-01-26 14:17:19 Warning: Warning (512): C:\wamp\www\quickapps\QuickApps\Cake\Console\Templates\skel\tmp\cache\i18n\ is not writable in [C:\wamp\www\quickapps\QuickApps\Cake\Cache\Engine\FileEngine.php, line 336]
Trace:
FileEngine::_active() - APP\Cake\Cache\Engine\FileEngine.php, line 336
FileEngine::init() - APP\Cake\Cache\Engine\FileEngine.php, line 91
Cache::_buildEngine() - APP\Cake\Cache\Cache.php, line 164
Cache::config() - APP\Cake\Cache\Cache.php, line 135
include - APP\Plugin\Locale\Config\bootstrap.php, line 8
CakePlugin::bootstrap() - APP\Cake\Core\CakePlugin.php, line 165
CakePlugin::load() - APP\Cake\Core\CakePlugin.php, line 100
include - APP\Config\bootstrap.php, line 49
Configure::bootstrap() - APP\Cake\Core\Configure.php, line 92
require - APP\Cake\bootstrap.php, line 146
ShellDispatcher::_bootstrap() - APP\Cake\Console\ShellDispatcher.php, line 131
ShellDispatcher::_initEnvironment() - APP\Cake\Console\ShellDispatcher.php, line 101
ShellDispatcher::__construct() - APP\Cake\Console\ShellDispatcher.php, line 57
ShellDispatcher::run() - APP\Cake\Console\ShellDispatcher.php, line 68
[main] - APP\Cake\Console\cake.php, line 43

2013-01-26 14:17:33 Warning: Warning (512): C:\wamp\www\quickapps\QuickApps\Cake\Console\Templates\skel\tmp\cache\i18n\ is not writable in [C:\wamp\www\quickapps\QuickApps\Cake\Cache\Engine\FileEngine.php, line 336]
Trace:
FileEngine::_active() - APP\Cake\Cache\Engine\FileEngine.php, line 336
FileEngine::init() - APP\Cake\Cache\Engine\FileEngine.php, line 91
Cache::_buildEngine() - APP\Cake\Cache\Cache.php, line 164
Cache::config() - APP\Cake\Cache\Cache.php, line 135
include - APP\Plugin\Locale\Config\bootstrap.php, line 8
CakePlugin::bootstrap() - APP\Cake\Core\CakePlugin.php, line 165
CakePlugin::load() - APP\Cake\Core\CakePlugin.php, line 100
include - APP\Config\bootstrap.php, line 106
Configure::bootstrap() - APP\Cake\Core\Configure.php, line 92
require - APP\Cake\bootstrap.php, line 146
ShellDispatcher::_bootstrap() - APP\Cake\Console\ShellDispatcher.php, line 131
ShellDispatcher::_initEnvironment() - APP\Cake\Console\ShellDispatcher.php, line 101
ShellDispatcher::__construct() - APP\Cake\Console\ShellDispatcher.php, line 57
ShellDispatcher::run() - APP\Cake\Console\ShellDispatcher.php, line 68
[main] - APP\Cake\Console\cake.php, line 43

2013-01-26 14:17:40 Warning: Warning (512): C:\wamp\www\quickapps\QuickApps\Cake\Console\Templates\skel\tmp\cache\i18n\ is not writable in [C:\wamp\www\quickapps\QuickApps\Cake\Cache\Engine\FileEngine.php, line 336]
Trace:
FileEngine::_active() - APP\Cake\Cache\Engine\FileEngine.php, line 336
FileEngine::init() - APP\Cake\Cache\Engine\FileEngine.php, line 91
Cache::_buildEngine() - APP\Cake\Cache\Cache.php, line 164
Cache::config() - APP\Cake\Cache\Cache.php, line 135
include - APP\Plugin\Locale\Config\bootstrap.php, line 8
CakePlugin::bootstrap() - APP\Cake\Core\CakePlugin.php, line 165
CakePlugin::load() - APP\Cake\Core\CakePlugin.php, line 100
include - APP\Config\bootstrap.php, line 106
Configure::bootstrap() - APP\Cake\Core\Configure.php, line 92
require - APP\Cake\bootstrap.php, line 146
ShellDispatcher::_bootstrap() - APP\Cake\Console\ShellDispatcher.php, line 131
ShellDispatcher::_initEnvironment() - APP\Cake\Console\ShellDispatcher.php, line 101
ShellDispatcher::__construct() - APP\Cake\Console\ShellDispatcher.php, line 57
ShellDispatcher::run() - APP\Cake\Console\ShellDispatcher.php, line 68
[main] - APP\Cake\Console\cake.php, line 43

2013-01-26 14:17:45 Warning: PDO::__construct() [http://php.net/pdo.--construct]: [2002] No se puede establecer una conexión ya que el equipo de destino denegó expresamente dicha conexión.
 (trying to connect via tcp://localhost:3306) in [C:\wamp\www\quickapps\QuickApps\Cake\Model\Datasource\Database\Mysql.php, line 149]
2013-01-26 14:17:45 Warning: PDO::__construct() [http://php.net/pdo.--construct]: [2002] No se puede establecer una conexión ya que el equipo de destino denegó expresamente dicha conexión.
 (trying to connect via tcp://localhost:3306) in [C:\wamp\www\quickapps\QuickApps\Cake\Model\Datasource\Database\Mysql.php, line 149]
2013-01-26 14:19:30 Warning: Warning (512): C:\wamp\www\quickapps\QuickApps\Cake\Console\Templates\skel\tmp\cache\i18n\ is not writable in [C:\wamp\www\quickapps\QuickApps\Cake\Cache\Engine\FileEngine.php, line 336]
Trace:
FileEngine::_active() - APP\Cake\Cache\Engine\FileEngine.php, line 336
FileEngine::init() - APP\Cake\Cache\Engine\FileEngine.php, line 91
Cache::_buildEngine() - APP\Cake\Cache\Cache.php, line 164
Cache::config() - APP\Cake\Cache\Cache.php, line 135
include - APP\Plugin\Locale\Config\bootstrap.php, line 8
CakePlugin::bootstrap() - APP\Cake\Core\CakePlugin.php, line 165
CakePlugin::load() - APP\Cake\Core\CakePlugin.php, line 100
include - APP\Config\bootstrap.php, line 106
Configure::bootstrap() - APP\Cake\Core\Configure.php, line 92
require - APP\Cake\bootstrap.php, line 146
ShellDispatcher::_bootstrap() - APP\Cake\Console\ShellDispatcher.php, line 131
ShellDispatcher::_initEnvironment() - APP\Cake\Console\ShellDispatcher.php, line 101
ShellDispatcher::__construct() - APP\Cake\Console\ShellDispatcher.php, line 57
ShellDispatcher::run() - APP\Cake\Console\ShellDispatcher.php, line 68
[main] - APP\Cake\Console\cake.php, line 43

